<?xml version="1.0" encoding="UTF-8"?>
<!-- Generated by org.testng.reporters.JUnitXMLReporter -->
<testsuite ignored="0" hostname="DVCINH6092308" failures="1" tests="1" name="firefoxtest" time="7.03" errors="0" timestamp="2024-06-29T19:34:57 IST">
  <testcase classname="testCases.TC001_AccountRegTest" name="verify_account_registration" time="1.355">
    <failure type="java.lang.AssertionError" message="expected [true] but found [false]">
      <![CDATA[java.lang.AssertionError: expected [true] but found [false]
at testCases.TC001_AccountRegTest.verify_account_registration(TC001_AccountRegTest.java:49)
at java.base/java.util.ArrayList.forEach(ArrayList.java:1597)
... Removed 29 stack frames]]>
    </failure>
  </testcase> <!-- verify_account_registration -->
</testsuite> <!-- firefoxtest -->
